This file contains any messages produced by compilers while
running configure, to aid debugging if configure makes a mistake.

It was created by myblock configure 3.2.2, which was
generated by GNU Autoconf 2.65.  Invocation command line was

  $ ./configure --no-create --no-recursion

## --------- ##
## Platform. ##
## --------- ##

hostname = ubuntu
uname -m = i686
uname -r = 2.6.32-26-generic
uname -s = Linux
uname -v = #48-Ubuntu SMP Wed Nov 24 09:00:03 UTC 2010

/usr/bin/uname -p = unknown
/bin/uname -X     = unknown

/bin/arch              = unknown
/usr/bin/arch -k       = unknown
/usr/convex/getsysinfo = unknown
/usr/bin/hostinfo      = unknown
/bin/machine           = unknown
/usr/bin/oslevel       = unknown
/bin/universe          = unknown

PATH: /usr/local/sbin
PATH: /usr/local/bin
PATH: /usr/sbin
PATH: /usr/bin
PATH: /sbin
PATH: /bin
PATH: /usr/games


## ----------- ##
## Core tests. ##
## ----------- ##

configure:2585: checking build system type
configure:2599: result: i686-pc-linux-gnu
configure:2619: checking host system type
configure:2632: result: i686-pc-linux-gnu
configure:2652: checking target system type
configure:2665: result: i686-pc-linux-gnu
configure:2708: checking for a BSD-compatible install
configure:2776: result: /usr/bin/install -c
configure:2787: checking whether build environment is sane
configure:2837: result: yes
configure:2978: checking for a thread-safe mkdir -p
configure:3017: result: /bin/mkdir -p
configure:3030: checking for gawk
configure:3046: found /usr/bin/gawk
configure:3057: result: gawk
configure:3068: checking whether make sets $(MAKE)
configure:3090: result: yes
configure:3187: checking for style of include used by make
configure:3215: result: GNU
configure:3285: checking for gcc
configure:3301: found /usr/bin/gcc
configure:3312: result: gcc
configure:3541: checking for C compiler version
configure:3550: gcc --version >&5
gcc (Ubuntu 4.4.3-4ubuntu5) 4.4.3
Copyright (C) 2009 Free Software Foundation, Inc.
This is free software; see the source for copying conditions.  There is NO
warranty; not even for MERCHANTABILITY or FITNESS FOR A PARTICULAR PURPOSE.

configure:3561: $? = 0
configure:3550: gcc -v >&5
Using built-in specs.
Target: i486-linux-gnu
Configured with: ../src/configure -v --with-pkgversion='Ubuntu 4.4.3-4ubuntu5' --with-bugurl=file:///usr/share/doc/gcc-4.4/README.Bugs --enable-languages=c,c++,fortran,objc,obj-c++ --prefix=/usr --enable-shared --enable-multiarch --enable-linker-build-id --with-system-zlib --libexecdir=/usr/lib --without-included-gettext --enable-threads=posix --with-gxx-include-dir=/usr/include/c++/4.4 --program-suffix=-4.4 --enable-nls --enable-clocale=gnu --enable-libstdcxx-debug --enable-plugin --enable-objc-gc --enable-targets=all --disable-werror --with-arch-32=i486 --with-tune=generic --enable-checking=release --build=i486-linux-gnu --host=i486-linux-gnu --target=i486-linux-gnu
Thread model: posix
gcc version 4.4.3 (Ubuntu 4.4.3-4ubuntu5) 
configure:3561: $? = 0
configure:3550: gcc -V >&5
gcc: '-V' option must have argument
configure:3561: $? = 1
configure:3550: gcc -qversion >&5
gcc: unrecognized option '-qversion'
gcc: no input files
configure:3561: $? = 1
configure:3581: checking whether the C compiler works
configure:3603: gcc    conftest.c  >&5
configure:3607: $? = 0
configure:3656: result: yes
configure:3659: checking for C compiler default output file name
configure:3661: result: a.out
configure:3667: checking for suffix of executables
configure:3674: gcc -o conftest    conftest.c  >&5
configure:3678: $? = 0
configure:3700: result: 
configure:3722: checking whether we are cross compiling
configure:3730: gcc -o conftest    conftest.c  >&5
configure:3734: $? = 0
configure:3741: ./conftest
configure:3745: $? = 0
configure:3760: result: no
configure:3765: checking for suffix of object files
configure:3787: gcc -c   conftest.c >&5
configure:3791: $? = 0
configure:3812: result: o
configure:3816: checking whether we are using the GNU C compiler
configure:3835: gcc -c   conftest.c >&5
configure:3835: $? = 0
configure:3844: result: yes
configure:3853: checking whether gcc accepts -g
configure:3873: gcc -c -g  conftest.c >&5
configure:3873: $? = 0
configure:3914: result: yes
configure:3931: checking for gcc option to accept ISO C89
configure:3995: gcc  -c -g -O2  conftest.c >&5
configure:3995: $? = 0
configure:4008: result: none needed
configure:4030: checking dependency style of gcc
configure:4140: result: gcc3
configure:4160: checking how to run the C preprocessor
configure:4191: gcc -E  conftest.c
configure:4191: $? = 0
configure:4205: gcc -E  conftest.c
conftest.c:11:28: error: ac_nonexistent.h: No such file or directory
configure:4205: $? = 1
configure: failed program was:
| /* confdefs.h */
| #define PACKAGE_NAME "myblock"
| #define PACKAGE_TARNAME "myblock"
| #define PACKAGE_VERSION "3.2.2"
| #define PACKAGE_STRING "myblock 3.2.2"
| #define PACKAGE_BUGREPORT ""
| #define PACKAGE_URL ""
| #define PACKAGE "myblock"
| #define VERSION "3.2.2"
| /* end confdefs.h.  */
| #include <ac_nonexistent.h>
configure:4230: result: gcc -E
configure:4250: gcc -E  conftest.c
configure:4250: $? = 0
configure:4264: gcc -E  conftest.c
conftest.c:11:28: error: ac_nonexistent.h: No such file or directory
configure:4264: $? = 1
configure: failed program was:
| /* confdefs.h */
| #define PACKAGE_NAME "myblock"
| #define PACKAGE_TARNAME "myblock"
| #define PACKAGE_VERSION "3.2.2"
| #define PACKAGE_STRING "myblock 3.2.2"
| #define PACKAGE_BUGREPORT ""
| #define PACKAGE_URL ""
| #define PACKAGE "myblock"
| #define VERSION "3.2.2"
| /* end confdefs.h.  */
| #include <ac_nonexistent.h>
configure:4294: checking for grep that handles long lines and -e
configure:4352: result: /bin/grep
configure:4357: checking for egrep
configure:4419: result: /bin/grep -E
configure:4424: checking for ANSI C header files
configure:4444: gcc -c -g -O2  conftest.c >&5
configure:4444: $? = 0
configure:4517: gcc -o conftest -g -O2   conftest.c  >&5
configure:4517: $? = 0
configure:4517: ./conftest
configure:4517: $? = 0
configure:4528: result: yes
configure:4541: checking for sys/types.h
configure:4541: gcc -c -g -O2  conftest.c >&5
configure:4541: $? = 0
configure:4541: result: yes
configure:4541: checking for sys/stat.h
configure:4541: gcc -c -g -O2  conftest.c >&5
configure:4541: $? = 0
configure:4541: result: yes
configure:4541: checking for stdlib.h
configure:4541: gcc -c -g -O2  conftest.c >&5
configure:4541: $? = 0
configure:4541: result: yes
configure:4541: checking for string.h
configure:4541: gcc -c -g -O2  conftest.c >&5
configure:4541: $? = 0
configure:4541: result: yes
configure:4541: checking for memory.h
configure:4541: gcc -c -g -O2  conftest.c >&5
configure:4541: $? = 0
configure:4541: result: yes
configure:4541: checking for strings.h
configure:4541: gcc -c -g -O2  conftest.c >&5
configure:4541: $? = 0
configure:4541: result: yes
configure:4541: checking for inttypes.h
configure:4541: gcc -c -g -O2  conftest.c >&5
configure:4541: $? = 0
configure:4541: result: yes
configure:4541: checking for stdint.h
configure:4541: gcc -c -g -O2  conftest.c >&5
configure:4541: $? = 0
configure:4541: result: yes
configure:4541: checking for unistd.h
configure:4541: gcc -c -g -O2  conftest.c >&5
configure:4541: $? = 0
configure:4541: result: yes
configure:4555: checking minix/config.h usability
configure:4555: gcc -c -g -O2  conftest.c >&5
conftest.c:54:26: error: minix/config.h: No such file or directory
configure:4555: $? = 1
configure: failed program was:
| /* confdefs.h */
| #define PACKAGE_NAME "myblock"
| #define PACKAGE_TARNAME "myblock"
| #define PACKAGE_VERSION "3.2.2"
| #define PACKAGE_STRING "myblock 3.2.2"
| #define PACKAGE_BUGREPORT ""
| #define PACKAGE_URL ""
| #define PACKAGE "myblock"
| #define VERSION "3.2.2"
| #define STDC_HEADERS 1
| #define HAVE_SYS_TYPES_H 1
| #define HAVE_SYS_STAT_H 1
| #define HAVE_STDLIB_H 1
| #define HAVE_STRING_H 1
| #define HAVE_MEMORY_H 1
| #define HAVE_STRINGS_H 1
| #define HAVE_INTTYPES_H 1
| #define HAVE_STDINT_H 1
| #define HAVE_UNISTD_H 1
| /* end confdefs.h.  */
| #include <stdio.h>
| #ifdef HAVE_SYS_TYPES_H
| # include <sys/types.h>
| #endif
| #ifdef HAVE_SYS_STAT_H
| # include <sys/stat.h>
| #endif
| #ifdef STDC_HEADERS
| # include <stdlib.h>
| # include <stddef.h>
| #else
| # ifdef HAVE_STDLIB_H
| #  include <stdlib.h>
| # endif
| #endif
| #ifdef HAVE_STRING_H
| # if !defined STDC_HEADERS && defined HAVE_MEMORY_H
| #  include <memory.h>
| # endif
| # include <string.h>
| #endif
| #ifdef HAVE_STRINGS_H
| # include <strings.h>
| #endif
| #ifdef HAVE_INTTYPES_H
| # include <inttypes.h>
| #endif
| #ifdef HAVE_STDINT_H
| # include <stdint.h>
| #endif
| #ifdef HAVE_UNISTD_H
| # include <unistd.h>
| #endif
| #include <minix/config.h>
configure:4555: result: no
configure:4555: checking minix/config.h presence
configure:4555: gcc -E  conftest.c
conftest.c:21:26: error: minix/config.h: No such file or directory
configure:4555: $? = 1
configure: failed program was:
| /* confdefs.h */
| #define PACKAGE_NAME "myblock"
| #define PACKAGE_TARNAME "myblock"
| #define PACKAGE_VERSION "3.2.2"
| #define PACKAGE_STRING "myblock 3.2.2"
| #define PACKAGE_BUGREPORT ""
| #define PACKAGE_URL ""
| #define PACKAGE "myblock"
| #define VERSION "3.2.2"
| #define STDC_HEADERS 1
| #define HAVE_SYS_TYPES_H 1
| #define HAVE_SYS_STAT_H 1
| #define HAVE_STDLIB_H 1
| #define HAVE_STRING_H 1
| #define HAVE_MEMORY_H 1
| #define HAVE_STRINGS_H 1
| #define HAVE_INTTYPES_H 1
| #define HAVE_STDINT_H 1
| #define HAVE_UNISTD_H 1
| /* end confdefs.h.  */
| #include <minix/config.h>
configure:4555: result: no
configure:4555: checking for minix/config.h
configure:4555: result: no
configure:4576: checking whether it is safe to define __EXTENSIONS__
configure:4594: gcc -c -g -O2  conftest.c >&5
configure:4594: $? = 0
configure:4601: result: yes
configure:4616: checking for library containing strerror
configure:4647: gcc -o conftest -g -O2   conftest.c  >&5
configure:4647: $? = 0
configure:4664: result: none required
configure:4732: checking for g++
configure:4748: found /usr/bin/g++
configure:4759: result: g++
configure:4786: checking for C++ compiler version
configure:4795: g++ --version >&5
g++ (Ubuntu 4.4.3-4ubuntu5) 4.4.3
Copyright (C) 2009 Free Software Foundation, Inc.
This is free software; see the source for copying conditions.  There is NO
warranty; not even for MERCHANTABILITY or FITNESS FOR A PARTICULAR PURPOSE.

configure:4806: $? = 0
configure:4795: g++ -v >&5
Using built-in specs.
Target: i486-linux-gnu
Configured with: ../src/configure -v --with-pkgversion='Ubuntu 4.4.3-4ubuntu5' --with-bugurl=file:///usr/share/doc/gcc-4.4/README.Bugs --enable-languages=c,c++,fortran,objc,obj-c++ --prefix=/usr --enable-shared --enable-multiarch --enable-linker-build-id --with-system-zlib --libexecdir=/usr/lib --without-included-gettext --enable-threads=posix --with-gxx-include-dir=/usr/include/c++/4.4 --program-suffix=-4.4 --enable-nls --enable-clocale=gnu --enable-libstdcxx-debug --enable-plugin --enable-objc-gc --enable-targets=all --disable-werror --with-arch-32=i486 --with-tune=generic --enable-checking=release --build=i486-linux-gnu --host=i486-linux-gnu --target=i486-linux-gnu
Thread model: posix
gcc version 4.4.3 (Ubuntu 4.4.3-4ubuntu5) 
configure:4806: $? = 0
configure:4795: g++ -V >&5
g++: '-V' option must have argument
configure:4806: $? = 1
configure:4795: g++ -qversion >&5
g++: unrecognized option '-qversion'
g++: no input files
configure:4806: $? = 1
configure:4810: checking whether we are using the GNU C++ compiler
configure:4829: g++ -c   conftest.cpp >&5
configure:4829: $? = 0
configure:4838: result: yes
configure:4847: checking whether g++ accepts -g
configure:4867: g++ -c -g  conftest.cpp >&5
configure:4867: $? = 0
configure:4908: result: yes
configure:4933: checking dependency style of g++
configure:5043: result: gcc3
configure:5063: checking how to run the C++ preprocessor
configure:5090: g++ -E  conftest.cpp
configure:5090: $? = 0
configure:5104: g++ -E  conftest.cpp
conftest.cpp:26:28: error: ac_nonexistent.h: No such file or directory
configure:5104: $? = 1
configure: failed program was:
| /* confdefs.h */
| #define PACKAGE_NAME "myblock"
| #define PACKAGE_TARNAME "myblock"
| #define PACKAGE_VERSION "3.2.2"
| #define PACKAGE_STRING "myblock 3.2.2"
| #define PACKAGE_BUGREPORT ""
| #define PACKAGE_URL ""
| #define PACKAGE "myblock"
| #define VERSION "3.2.2"
| #define STDC_HEADERS 1
| #define HAVE_SYS_TYPES_H 1
| #define HAVE_SYS_STAT_H 1
| #define HAVE_STDLIB_H 1
| #define HAVE_STRING_H 1
| #define HAVE_MEMORY_H 1
| #define HAVE_STRINGS_H 1
| #define HAVE_INTTYPES_H 1
| #define HAVE_STDINT_H 1
| #define HAVE_UNISTD_H 1
| #define __EXTENSIONS__ 1
| #define _ALL_SOURCE 1
| #define _GNU_SOURCE 1
| #define _POSIX_PTHREAD_SEMANTICS 1
| #define _TANDEM_SOURCE 1
| /* end confdefs.h.  */
| #include <ac_nonexistent.h>
configure:5129: result: g++ -E
configure:5149: g++ -E  conftest.cpp
configure:5149: $? = 0
configure:5163: g++ -E  conftest.cpp
conftest.cpp:26:28: error: ac_nonexistent.h: No such file or directory
configure:5163: $? = 1
configure: failed program was:
| /* confdefs.h */
| #define PACKAGE_NAME "myblock"
| #define PACKAGE_TARNAME "myblock"
| #define PACKAGE_VERSION "3.2.2"
| #define PACKAGE_STRING "myblock 3.2.2"
| #define PACKAGE_BUGREPORT ""
| #define PACKAGE_URL ""
| #define PACKAGE "myblock"
| #define VERSION "3.2.2"
| #define STDC_HEADERS 1
| #define HAVE_SYS_TYPES_H 1
| #define HAVE_SYS_STAT_H 1
| #define HAVE_STDLIB_H 1
| #define HAVE_STRING_H 1
| #define HAVE_MEMORY_H 1
| #define HAVE_STRINGS_H 1
| #define HAVE_INTTYPES_H 1
| #define HAVE_STDINT_H 1
| #define HAVE_UNISTD_H 1
| #define __EXTENSIONS__ 1
| #define _ALL_SOURCE 1
| #define _GNU_SOURCE 1
| #define _POSIX_PTHREAD_SEMANTICS 1
| #define _TANDEM_SOURCE 1
| /* end confdefs.h.  */
| #include <ac_nonexistent.h>
configure:5205: checking whether C++ has std::isnan
configure:5220: g++ -c -g -O2  conftest.cpp >&5
configure:5220: $? = 0
configure:5221: result: yes
configure:5244: checking gr_libdir_suffix
configure:5275: result: 
configure:5279: checking whether to append 64 to libdir
configure:5287: result: no
configure:5315: checking whether user wants warnings
configure:5326: result: yes
configure:5339: checking whether gcc accepts -Wall
configure:5344: result: yes
configure:5360: checking whether g++ accepts -Wall
configure:5365: result: yes
configure:5360: checking whether g++ accepts -Woverloaded-virtual
configure:5365: result: yes
configure:5378: checking whether user wants gprof
configure:5388: result: no
configure:5441: checking whether user wants prof
configure:5451: result: no
configure:5512: checking dependency style of gcc
configure:5620: result: gcc3
configure:5635: checking whether ln -s works
configure:5639: result: yes
configure:5646: checking whether make sets $(MAKE)
configure:5668: result: yes
configure:5680: checking for rm
configure:5698: found /bin/rm
configure:5710: result: /bin/rm
configure:6107: checking for a sed that does not truncate output
configure:6171: result: /bin/sed
configure:6189: checking for fgrep
configure:6251: result: /bin/grep -F
configure:6286: checking for ld used by gcc
configure:6353: result: /usr/bin/ld
configure:6360: checking if the linker (/usr/bin/ld) is GNU ld
configure:6375: result: yes
configure:6387: checking for BSD- or MS-compatible name lister (nm)
configure:6436: result: /usr/bin/nm -B
configure:6554: checking the name lister (/usr/bin/nm -B) interface
configure:6561: gcc -c -g -O2 -Wall  conftest.c >&5
configure:6564: /usr/bin/nm -B "conftest.o"
configure:6567: output
00000000 B some_variable
configure:6574: result: BSD nm
configure:6578: checking the maximum length of command line arguments
configure:6698: result: 805306365
configure:6715: checking whether the shell understands some XSI constructs
configure:6725: result: yes
configure:6729: checking whether the shell understands "+="
configure:6735: result: yes
configure:6770: checking for /usr/bin/ld option to reload object files
configure:6777: result: -r
configure:6846: checking for objdump
configure:6873: result: objdump
configure:6902: checking how to recognize dependent libraries
configure:7098: result: pass_all
configure:7158: checking for ar
configure:7174: found /usr/bin/ar
configure:7185: result: ar
configure:7263: checking for strip
configure:7279: found /usr/bin/strip
configure:7290: result: strip
configure:7362: checking for ranlib
configure:7378: found /usr/bin/ranlib
configure:7389: result: ranlib
configure:7479: checking command to parse /usr/bin/nm -B output from gcc object
configure:7597: gcc -c -g -O2 -Wall  conftest.c >&5
configure:7600: $? = 0
configure:7604: /usr/bin/nm -B conftest.o \| sed -n -e 's/^.*[	 ]\([ABCDGIRSTW][ABCDGIRSTW]*\)[	 ][	 ]*\([_A-Za-z][_A-Za-z0-9]*\)$/\1 \2 \2/p' \> conftest.nm
configure:7607: $? = 0
configure:7661: gcc -o conftest -g -O2 -Wall   conftest.c conftstm.o >&5
configure:7664: $? = 0
configure:7702: result: ok
configure:8507: checking for dlfcn.h
configure:8507: gcc -c -g -O2 -Wall  conftest.c >&5
configure:8507: $? = 0
configure:8507: result: yes
configure:8632: checking for C++ compiler version
configure:8641: g++ --version >&5
g++ (Ubuntu 4.4.3-4ubuntu5) 4.4.3
Copyright (C) 2009 Free Software Foundation, Inc.
This is free software; see the source for copying conditions.  There is NO
warranty; not even for MERCHANTABILITY or FITNESS FOR A PARTICULAR PURPOSE.

configure:8652: $? = 0
configure:8641: g++ -v >&5
Using built-in specs.
Target: i486-linux-gnu
Configured with: ../src/configure -v --with-pkgversion='Ubuntu 4.4.3-4ubuntu5' --with-bugurl=file:///usr/share/doc/gcc-4.4/README.Bugs --enable-languages=c,c++,fortran,objc,obj-c++ --prefix=/usr --enable-shared --enable-multiarch --enable-linker-build-id --with-system-zlib --libexecdir=/usr/lib --without-included-gettext --enable-threads=posix --with-gxx-include-dir=/usr/include/c++/4.4 --program-suffix=-4.4 --enable-nls --enable-clocale=gnu --enable-libstdcxx-debug --enable-plugin --enable-objc-gc --enable-targets=all --disable-werror --with-arch-32=i486 --with-tune=generic --enable-checking=release --build=i486-linux-gnu --host=i486-linux-gnu --target=i486-linux-gnu
Thread model: posix
gcc version 4.4.3 (Ubuntu 4.4.3-4ubuntu5) 
configure:8652: $? = 0
configure:8641: g++ -V >&5
g++: '-V' option must have argument
configure:8652: $? = 1
configure:8641: g++ -qversion >&5
g++: unrecognized option '-qversion'
g++: no input files
configure:8652: $? = 1
configure:8656: checking whether we are using the GNU C++ compiler
configure:8684: result: yes
configure:8693: checking whether g++ accepts -g
configure:8754: result: yes
configure:8779: checking dependency style of g++
configure:8889: result: gcc3
configure:8912: checking how to run the C++ preprocessor
configure:8978: result: g++ -E
configure:8998: g++ -E  conftest.cpp
configure:8998: $? = 0
configure:9012: g++ -E  conftest.cpp
conftest.cpp:28:28: error: ac_nonexistent.h: No such file or directory
configure:9012: $? = 1
configure: failed program was:
| /* confdefs.h */
| #define PACKAGE_NAME "myblock"
| #define PACKAGE_TARNAME "myblock"
| #define PACKAGE_VERSION "3.2.2"
| #define PACKAGE_STRING "myblock 3.2.2"
| #define PACKAGE_BUGREPORT ""
| #define PACKAGE_URL ""
| #define PACKAGE "myblock"
| #define VERSION "3.2.2"
| #define STDC_HEADERS 1
| #define HAVE_SYS_TYPES_H 1
| #define HAVE_SYS_STAT_H 1
| #define HAVE_STDLIB_H 1
| #define HAVE_STRING_H 1
| #define HAVE_MEMORY_H 1
| #define HAVE_STRINGS_H 1
| #define HAVE_INTTYPES_H 1
| #define HAVE_STDINT_H 1
| #define HAVE_UNISTD_H 1
| #define __EXTENSIONS__ 1
| #define _ALL_SOURCE 1
| #define _GNU_SOURCE 1
| #define _POSIX_PTHREAD_SEMANTICS 1
| #define _TANDEM_SOURCE 1
| #define CXX_HAS_STD_ISNAN /**/
| #define HAVE_DLFCN_H 1
| /* end confdefs.h.  */
| #include <ac_nonexistent.h>
configure:9155: checking for objdir
configure:9170: result: .libs
configure:9466: checking if gcc supports -fno-rtti -fno-exceptions
configure:9484: gcc -c -g -O2 -Wall  -fno-rtti -fno-exceptions conftest.c >&5
cc1: warning: command line option "-fno-rtti" is valid for C++/ObjC++ but not for C
configure:9488: $? = 0
configure:9501: result: no
configure:9521: checking for gcc option to produce PIC
configure:9793: result: -fPIC -DPIC
configure:9805: checking if gcc PIC flag -fPIC -DPIC works
configure:9823: gcc -c -g -O2 -Wall  -fPIC -DPIC -DPIC conftest.c >&5
configure:9827: $? = 0
configure:9840: result: yes
configure:9864: checking if gcc static flag -static works
configure:9892: result: yes
configure:9907: checking if gcc supports -c -o file.o
configure:9928: gcc -c -g -O2 -Wall  -o out/conftest2.o conftest.c >&5
configure:9932: $? = 0
configure:9954: result: yes
configure:9962: checking if gcc supports -c -o file.o
configure:10009: result: yes
configure:10042: checking whether the gcc linker (/usr/bin/ld) supports shared libraries
configure:11033: result: yes
configure:11070: checking whether -lc should be explicitly linked in
configure:11075: gcc -c -g -O2 -Wall  conftest.c >&5
configure:11078: $? = 0
configure:11093: gcc -shared conftest.o  -v -Wl,-soname -Wl,conftest -o conftest 2\>\&1 \| /bin/grep  -lc  \>/dev/null 2\>\&1
configure:11096: $? = 0
configure:11108: result: no
configure:11272: checking dynamic linker characteristics
configure:11705: gcc -o conftest -g -O2 -Wall   -Wl,-rpath -Wl,/foo conftest.c  >&5
configure:11705: $? = 0
configure:11935: result: GNU/Linux ld.so
configure:12037: checking how to hardcode library paths into programs
configure:12062: result: immediate
configure:12582: checking whether stripping libraries is possible
configure:12587: result: yes
configure:12622: checking if libtool supports shared libraries
configure:12624: result: yes
configure:12627: checking whether to build shared libraries
configure:12648: result: yes
configure:12651: checking whether to build static libraries
configure:12655: result: no
configure:12805: checking for ld used by g++
configure:12872: result: /usr/bin/ld
configure:12879: checking if the linker (/usr/bin/ld) is GNU ld
configure:12894: result: yes
configure:12949: checking whether the g++ linker (/usr/bin/ld) supports shared libraries
configure:13862: result: yes
configure:13890: g++ -c -g -O2 -Wall -Woverloaded-virtual  conftest.cpp >&5
configure:13893: $? = 0
configure:14075: checking for g++ option to produce PIC
configure:14392: result: -fPIC -DPIC
configure:14401: checking if g++ PIC flag -fPIC -DPIC works
configure:14419: g++ -c -g -O2 -Wall -Woverloaded-virtual  -fPIC -DPIC -DPIC conftest.cpp >&5
configure:14423: $? = 0
configure:14436: result: yes
configure:14457: checking if g++ static flag -static works
configure:14485: result: yes
configure:14497: checking if g++ supports -c -o file.o
configure:14518: g++ -c -g -O2 -Wall -Woverloaded-virtual  -o out/conftest2.o conftest.cpp >&5
configure:14522: $? = 0
configure:14544: result: yes
configure:14549: checking if g++ supports -c -o file.o
configure:14596: result: yes
configure:14626: checking whether the g++ linker (/usr/bin/ld) supports shared libraries
configure:14655: result: yes
configure:14792: checking dynamic linker characteristics
configure:15173: g++ -o conftest -g -O2 -Wall -Woverloaded-virtual   -Wl,-rpath -Wl,/foo conftest.cpp  >&5
configure:15173: $? = 0
configure:15403: result: GNU/Linux ld.so
configure:15454: checking how to hardcode library paths into programs
configure:15479: result: immediate
configure:15561: checking for python
configure:15579: found /usr/bin/python
configure:15591: result: /usr/bin/python
configure:15612: checking for python version
configure:15619: result: 2.6
configure:15631: checking for python platform
configure:15638: result: linux2
configure:15645: checking for python script directory
configure:15674: result: ${prefix}/lib/python2.6/dist-packages
configure:15683: checking for python extension module directory
configure:15712: result: ${exec_prefix}/lib/python2.6/dist-packages
configure:15757: checking for Python include path
configure:15773: result: /usr/include/python2.6
configure:15787: checking Python.h usability
configure:15787: gcc -c -g -O2 -Wall  -I/usr/include/python2.6 conftest.c >&5
In file included from /usr/include/python2.6/Python.h:8,
                 from conftest.c:62:
/usr/include/python2.6/pyconfig.h:1031:1: warning: "_POSIX_C_SOURCE" redefined
In file included from /usr/include/stdio.h:28,
                 from conftest.c:29:
/usr/include/features.h:158:1: warning: this is the location of the previous definition
In file included from /usr/include/python2.6/Python.h:8,
                 from conftest.c:62:
/usr/include/python2.6/pyconfig.h:1040:1: warning: "_XOPEN_SOURCE" redefined
In file included from /usr/include/stdio.h:28,
                 from conftest.c:29:
/usr/include/features.h:160:1: warning: this is the location of the previous definition
configure:15787: $? = 0
configure:15787: result: yes
configure:15787: checking Python.h presence
configure:15787: gcc -E  -I/usr/include/python2.6 conftest.c
configure:15787: $? = 0
configure:15787: result: yes
configure:15787: checking for Python.h
configure:15787: result: yes
configure:15857: checking for swig
configure:15873: found /usr/bin/swig
configure:15884: result: /usr/bin/swig
configure:15896: checking for SWIG version
configure:15900: result: 1.3.40
configure:15935: checking for ANSI C header files
configure:16039: result: yes
configure:16048: checking for an ANSI C-conforming const
configure:16113: gcc -c -g -O2 -Wall  conftest.c >&5
conftest.c: In function 'main':
conftest.c:60: warning: 't' is used uninitialized in this function
conftest.c:76: warning: 'b' is used uninitialized in this function
conftest.c:39: warning: 'cs[0]' is used uninitialized in this function
configure:16113: $? = 0
configure:16120: result: yes
configure:16128: checking for inline
configure:16144: gcc -c -g -O2 -Wall  conftest.c >&5
configure:16144: $? = 0
configure:16152: result: inline
configure:16170: checking for size_t
configure:16170: gcc -c -g -O2 -Wall  conftest.c >&5
configure:16170: $? = 0
configure:16170: gcc -c -g -O2 -Wall  conftest.c >&5
conftest.c: In function 'main':
conftest.c:67: error: expected expression before ')' token
configure:16170: $? = 1
configure: failed program was:
| /* confdefs.h */
| #define PACKAGE_NAME "myblock"
| #define PACKAGE_TARNAME "myblock"
| #define PACKAGE_VERSION "3.2.2"
| #define PACKAGE_STRING "myblock 3.2.2"
| #define PACKAGE_BUGREPORT ""
| #define PACKAGE_URL ""
| #define PACKAGE "myblock"
| #define VERSION "3.2.2"
| #define STDC_HEADERS 1
| #define HAVE_SYS_TYPES_H 1
| #define HAVE_SYS_STAT_H 1
| #define HAVE_STDLIB_H 1
| #define HAVE_STRING_H 1
| #define HAVE_MEMORY_H 1
| #define HAVE_STRINGS_H 1
| #define HAVE_INTTYPES_H 1
| #define HAVE_STDINT_H 1
| #define HAVE_UNISTD_H 1
| #define __EXTENSIONS__ 1
| #define _ALL_SOURCE 1
| #define _GNU_SOURCE 1
| #define _POSIX_PTHREAD_SEMANTICS 1
| #define _TANDEM_SOURCE 1
| #define CXX_HAS_STD_ISNAN /**/
| #define HAVE_DLFCN_H 1
| #define LT_OBJDIR ".libs/"
| #define HAVE_PYTHON_H 1
| #define STDC_HEADERS 1
| /* end confdefs.h.  */
| #include <stdio.h>
| #ifdef HAVE_SYS_TYPES_H
| # include <sys/types.h>
| #endif
| #ifdef HAVE_SYS_STAT_H
| # include <sys/stat.h>
| #endif
| #ifdef STDC_HEADERS
| # include <stdlib.h>
| # include <stddef.h>
| #else
| # ifdef HAVE_STDLIB_H
| #  include <stdlib.h>
| # endif
| #endif
| #ifdef HAVE_STRING_H
| # if !defined STDC_HEADERS && defined HAVE_MEMORY_H
| #  include <memory.h>
| # endif
| # include <string.h>
| #endif
| #ifdef HAVE_STRINGS_H
| # include <strings.h>
| #endif
| #ifdef HAVE_INTTYPES_H
| # include <inttypes.h>
| #endif
| #ifdef HAVE_STDINT_H
| # include <stdint.h>
| #endif
| #ifdef HAVE_UNISTD_H
| # include <unistd.h>
| #endif
| int
| main ()
| {
| if (sizeof ((size_t)))
| 	    return 0;
|   ;
|   return 0;
| }
configure:16170: result: yes
configure:16181: checking whether time.h and sys/time.h may both be included
configure:16201: gcc -c -g -O2 -Wall  conftest.c >&5
configure:16201: $? = 0
configure:16208: result: yes
configure:16216: checking whether byte ordering is bigendian
configure:16231: gcc -c -g -O2 -Wall  conftest.c >&5
conftest.c:33: error: expected '=', ',', ';', 'asm' or '__attribute__' before 'a'
configure:16231: $? = 1
configure: failed program was:
| /* confdefs.h */
| #define PACKAGE_NAME "myblock"
| #define PACKAGE_TARNAME "myblock"
| #define PACKAGE_VERSION "3.2.2"
| #define PACKAGE_STRING "myblock 3.2.2"
| #define PACKAGE_BUGREPORT ""
| #define PACKAGE_URL ""
| #define PACKAGE "myblock"
| #define VERSION "3.2.2"
| #define STDC_HEADERS 1
| #define HAVE_SYS_TYPES_H 1
| #define HAVE_SYS_STAT_H 1
| #define HAVE_STDLIB_H 1
| #define HAVE_STRING_H 1
| #define HAVE_MEMORY_H 1
| #define HAVE_STRINGS_H 1
| #define HAVE_INTTYPES_H 1
| #define HAVE_STDINT_H 1
| #define HAVE_UNISTD_H 1
| #define __EXTENSIONS__ 1
| #define _ALL_SOURCE 1
| #define _GNU_SOURCE 1
| #define _POSIX_PTHREAD_SEMANTICS 1
| #define _TANDEM_SOURCE 1
| #define CXX_HAS_STD_ISNAN /**/
| #define HAVE_DLFCN_H 1
| #define LT_OBJDIR ".libs/"
| #define HAVE_PYTHON_H 1
| #define STDC_HEADERS 1
| #define TIME_WITH_SYS_TIME 1
| /* end confdefs.h.  */
| #ifndef __APPLE_CC__
| 	       not a universal capable compiler
| 	     #endif
| 	     typedef int dummy;
| 
configure:16276: gcc -c -g -O2 -Wall  conftest.c >&5
configure:16276: $? = 0
configure:16294: gcc -c -g -O2 -Wall  conftest.c >&5
conftest.c: In function 'main':
conftest.c:39: error: 'not' undeclared (first use in this function)
conftest.c:39: error: (Each undeclared identifier is reported only once
conftest.c:39: error: for each function it appears in.)
conftest.c:39: error: expected ';' before 'big'
configure:16294: $? = 1
configure: failed program was:
| /* confdefs.h */
| #define PACKAGE_NAME "myblock"
| #define PACKAGE_TARNAME "myblock"
| #define PACKAGE_VERSION "3.2.2"
| #define PACKAGE_STRING "myblock 3.2.2"
| #define PACKAGE_BUGREPORT ""
| #define PACKAGE_URL ""
| #define PACKAGE "myblock"
| #define VERSION "3.2.2"
| #define STDC_HEADERS 1
| #define HAVE_SYS_TYPES_H 1
| #define HAVE_SYS_STAT_H 1
| #define HAVE_STDLIB_H 1
| #define HAVE_STRING_H 1
| #define HAVE_MEMORY_H 1
| #define HAVE_STRINGS_H 1
| #define HAVE_INTTYPES_H 1
| #define HAVE_STDINT_H 1
| #define HAVE_UNISTD_H 1
| #define __EXTENSIONS__ 1
| #define _ALL_SOURCE 1
| #define _GNU_SOURCE 1
| #define _POSIX_PTHREAD_SEMANTICS 1
| #define _TANDEM_SOURCE 1
| #define CXX_HAS_STD_ISNAN /**/
| #define HAVE_DLFCN_H 1
| #define LT_OBJDIR ".libs/"
| #define HAVE_PYTHON_H 1
| #define STDC_HEADERS 1
| #define TIME_WITH_SYS_TIME 1
| /* end confdefs.h.  */
| #include <sys/types.h>
| 		#include <sys/param.h>
| 
| int
| main ()
| {
| #if BYTE_ORDER != BIG_ENDIAN
| 		 not big endian
| 		#endif
| 
|   ;
|   return 0;
| }
configure:16422: result: no
configure:16446: checking for sys/types.h
configure:16446: result: yes
configure:16446: checking fcntl.h usability
configure:16446: gcc -c -g -O2 -Wall  conftest.c >&5
configure:16446: $? = 0
configure:16446: result: yes
configure:16446: checking fcntl.h presence
configure:16446: gcc -E  conftest.c
configure:16446: $? = 0
configure:16446: result: yes
configure:16446: checking for fcntl.h
configure:16446: result: yes
configure:16446: checking io.h usability
configure:16446: gcc -c -g -O2 -Wall  conftest.c >&5
conftest.c:67:16: error: io.h: No such file or directory
configure:16446: $? = 1
configure: failed program was:
| /* confdefs.h */
| #define PACKAGE_NAME "myblock"
| #define PACKAGE_TARNAME "myblock"
| #define PACKAGE_VERSION "3.2.2"
| #define PACKAGE_STRING "myblock 3.2.2"
| #define PACKAGE_BUGREPORT ""
| #define PACKAGE_URL ""
| #define PACKAGE "myblock"
| #define VERSION "3.2.2"
| #define STDC_HEADERS 1
| #define HAVE_SYS_TYPES_H 1
| #define HAVE_SYS_STAT_H 1
| #define HAVE_STDLIB_H 1
| #define HAVE_STRING_H 1
| #define HAVE_MEMORY_H 1
| #define HAVE_STRINGS_H 1
| #define HAVE_INTTYPES_H 1
| #define HAVE_STDINT_H 1
| #define HAVE_UNISTD_H 1
| #define __EXTENSIONS__ 1
| #define _ALL_SOURCE 1
| #define _GNU_SOURCE 1
| #define _POSIX_PTHREAD_SEMANTICS 1
| #define _TANDEM_SOURCE 1
| #define CXX_HAS_STD_ISNAN /**/
| #define HAVE_DLFCN_H 1
| #define LT_OBJDIR ".libs/"
| #define HAVE_PYTHON_H 1
| #define STDC_HEADERS 1
| #define TIME_WITH_SYS_TIME 1
| #define HAVE_SYS_TYPES_H 1
| #define HAVE_FCNTL_H 1
| /* end confdefs.h.  */
| #include <stdio.h>
| #ifdef HAVE_SYS_TYPES_H
| # include <sys/types.h>
| #endif
| #ifdef HAVE_SYS_STAT_H
| # include <sys/stat.h>
| #endif
| #ifdef STDC_HEADERS
| # include <stdlib.h>
| # include <stddef.h>
| #else
| # ifdef HAVE_STDLIB_H
| #  include <stdlib.h>
| # endif
| #endif
| #ifdef HAVE_STRING_H
| # if !defined STDC_HEADERS && defined HAVE_MEMORY_H
| #  include <memory.h>
| # endif
| # include <string.h>
| #endif
| #ifdef HAVE_STRINGS_H
| # include <strings.h>
| #endif
| #ifdef HAVE_INTTYPES_H
| # include <inttypes.h>
| #endif
| #ifdef HAVE_STDINT_H
| # include <stdint.h>
| #endif
| #ifdef HAVE_UNISTD_H
| # include <unistd.h>
| #endif
| #include <io.h>
configure:16446: result: no
configure:16446: checking io.h presence
configure:16446: gcc -E  conftest.c
conftest.c:34:16: error: io.h: No such file or directory
configure:16446: $? = 1
configure: failed program was:
| /* confdefs.h */
| #define PACKAGE_NAME "myblock"
| #define PACKAGE_TARNAME "myblock"
| #define PACKAGE_VERSION "3.2.2"
| #define PACKAGE_STRING "myblock 3.2.2"
| #define PACKAGE_BUGREPORT ""
| #define PACKAGE_URL ""
| #define PACKAGE "myblock"
| #define VERSION "3.2.2"
| #define STDC_HEADERS 1
| #define HAVE_SYS_TYPES_H 1
| #define HAVE_SYS_STAT_H 1
| #define HAVE_STDLIB_H 1
| #define HAVE_STRING_H 1
| #define HAVE_MEMORY_H 1
| #define HAVE_STRINGS_H 1
| #define HAVE_INTTYPES_H 1
| #define HAVE_STDINT_H 1
| #define HAVE_UNISTD_H 1
| #define __EXTENSIONS__ 1
| #define _ALL_SOURCE 1
| #define _GNU_SOURCE 1
| #define _POSIX_PTHREAD_SEMANTICS 1
| #define _TANDEM_SOURCE 1
| #define CXX_HAS_STD_ISNAN /**/
| #define HAVE_DLFCN_H 1
| #define LT_OBJDIR ".libs/"
| #define HAVE_PYTHON_H 1
| #define STDC_HEADERS 1
| #define TIME_WITH_SYS_TIME 1
| #define HAVE_SYS_TYPES_H 1
| #define HAVE_FCNTL_H 1
| /* end confdefs.h.  */
| #include <io.h>
configure:16446: result: no
configure:16446: checking for io.h
configure:16446: result: no
configure:16459: checking windows.h usability
configure:16459: gcc -c -g -O2 -Wall  conftest.c >&5
conftest.c:67:21: error: windows.h: No such file or directory
configure:16459: $? = 1
configure: failed program was:
| /* confdefs.h */
| #define PACKAGE_NAME "myblock"
| #define PACKAGE_TARNAME "myblock"
| #define PACKAGE_VERSION "3.2.2"
| #define PACKAGE_STRING "myblock 3.2.2"
| #define PACKAGE_BUGREPORT ""
| #define PACKAGE_URL ""
| #define PACKAGE "myblock"
| #define VERSION "3.2.2"
| #define STDC_HEADERS 1
| #define HAVE_SYS_TYPES_H 1
| #define HAVE_SYS_STAT_H 1
| #define HAVE_STDLIB_H 1
| #define HAVE_STRING_H 1
| #define HAVE_MEMORY_H 1
| #define HAVE_STRINGS_H 1
| #define HAVE_INTTYPES_H 1
| #define HAVE_STDINT_H 1
| #define HAVE_UNISTD_H 1
| #define __EXTENSIONS__ 1
| #define _ALL_SOURCE 1
| #define _GNU_SOURCE 1
| #define _POSIX_PTHREAD_SEMANTICS 1
| #define _TANDEM_SOURCE 1
| #define CXX_HAS_STD_ISNAN /**/
| #define HAVE_DLFCN_H 1
| #define LT_OBJDIR ".libs/"
| #define HAVE_PYTHON_H 1
| #define STDC_HEADERS 1
| #define TIME_WITH_SYS_TIME 1
| #define HAVE_SYS_TYPES_H 1
| #define HAVE_FCNTL_H 1
| /* end confdefs.h.  */
| #include <stdio.h>
| #ifdef HAVE_SYS_TYPES_H
| # include <sys/types.h>
| #endif
| #ifdef HAVE_SYS_STAT_H
| # include <sys/stat.h>
| #endif
| #ifdef STDC_HEADERS
| # include <stdlib.h>
| # include <stddef.h>
| #else
| # ifdef HAVE_STDLIB_H
| #  include <stdlib.h>
| # endif
| #endif
| #ifdef HAVE_STRING_H
| # if !defined STDC_HEADERS && defined HAVE_MEMORY_H
| #  include <memory.h>
| # endif
| # include <string.h>
| #endif
| #ifdef HAVE_STRINGS_H
| # include <strings.h>
| #endif
| #ifdef HAVE_INTTYPES_H
| # include <inttypes.h>
| #endif
| #ifdef HAVE_STDINT_H
| # include <stdint.h>
| #endif
| #ifdef HAVE_UNISTD_H
| # include <unistd.h>
| #endif
| #include <windows.h>
configure:16459: result: no
configure:16459: checking windows.h presence
configure:16459: gcc -E  conftest.c
conftest.c:34:21: error: windows.h: No such file or directory
configure:16459: $? = 1
configure: failed program was:
| /* confdefs.h */
| #define PACKAGE_NAME "myblock"
| #define PACKAGE_TARNAME "myblock"
| #define PACKAGE_VERSION "3.2.2"
| #define PACKAGE_STRING "myblock 3.2.2"
| #define PACKAGE_BUGREPORT ""
| #define PACKAGE_URL ""
| #define PACKAGE "myblock"
| #define VERSION "3.2.2"
| #define STDC_HEADERS 1
| #define HAVE_SYS_TYPES_H 1
| #define HAVE_SYS_STAT_H 1
| #define HAVE_STDLIB_H 1
| #define HAVE_STRING_H 1
| #define HAVE_MEMORY_H 1
| #define HAVE_STRINGS_H 1
| #define HAVE_INTTYPES_H 1
| #define HAVE_STDINT_H 1
| #define HAVE_UNISTD_H 1
| #define __EXTENSIONS__ 1
| #define _ALL_SOURCE 1
| #define _GNU_SOURCE 1
| #define _POSIX_PTHREAD_SEMANTICS 1
| #define _TANDEM_SOURCE 1
| #define CXX_HAS_STD_ISNAN /**/
| #define HAVE_DLFCN_H 1
| #define LT_OBJDIR ".libs/"
| #define HAVE_PYTHON_H 1
| #define STDC_HEADERS 1
| #define TIME_WITH_SYS_TIME 1
| #define HAVE_SYS_TYPES_H 1
| #define HAVE_FCNTL_H 1
| /* end confdefs.h.  */
| #include <windows.h>
configure:16459: result: no
configure:16459: checking for windows.h
configure:16459: result: no
configure:16472: checking for winioctl.h
configure:16472: gcc -c -g -O2 -Wall  conftest.c >&5
conftest.c:40:22: error: winioctl.h: No such file or directory
configure:16472: $? = 1
configure: failed program was:
| /* confdefs.h */
| #define PACKAGE_NAME "myblock"
| #define PACKAGE_TARNAME "myblock"
| #define PACKAGE_VERSION "3.2.2"
| #define PACKAGE_STRING "myblock 3.2.2"
| #define PACKAGE_BUGREPORT ""
| #define PACKAGE_URL ""
| #define PACKAGE "myblock"
| #define VERSION "3.2.2"
| #define STDC_HEADERS 1
| #define HAVE_SYS_TYPES_H 1
| #define HAVE_SYS_STAT_H 1
| #define HAVE_STDLIB_H 1
| #define HAVE_STRING_H 1
| #define HAVE_MEMORY_H 1
| #define HAVE_STRINGS_H 1
| #define HAVE_INTTYPES_H 1
| #define HAVE_STDINT_H 1
| #define HAVE_UNISTD_H 1
| #define __EXTENSIONS__ 1
| #define _ALL_SOURCE 1
| #define _GNU_SOURCE 1
| #define _POSIX_PTHREAD_SEMANTICS 1
| #define _TANDEM_SOURCE 1
| #define CXX_HAS_STD_ISNAN /**/
| #define HAVE_DLFCN_H 1
| #define LT_OBJDIR ".libs/"
| #define HAVE_PYTHON_H 1
| #define STDC_HEADERS 1
| #define TIME_WITH_SYS_TIME 1
| #define HAVE_SYS_TYPES_H 1
| #define HAVE_FCNTL_H 1
| /* end confdefs.h.  */
| 
| 	#if HAVE_WINDOWS_H
| 	#include <windows.h>
| 	#endif
| 
| 
| #include <winioctl.h>
configure:16472: result: no
configure:16472: checking for winbase.h
configure:16472: gcc -c -g -O2 -Wall  conftest.c >&5
conftest.c:40:21: error: winbase.h: No such file or directory
configure:16472: $? = 1
configure: failed program was:
| /* confdefs.h */
| #define PACKAGE_NAME "myblock"
| #define PACKAGE_TARNAME "myblock"
| #define PACKAGE_VERSION "3.2.2"
| #define PACKAGE_STRING "myblock 3.2.2"
| #define PACKAGE_BUGREPORT ""
| #define PACKAGE_URL ""
| #define PACKAGE "myblock"
| #define VERSION "3.2.2"
| #define STDC_HEADERS 1
| #define HAVE_SYS_TYPES_H 1
| #define HAVE_SYS_STAT_H 1
| #define HAVE_STDLIB_H 1
| #define HAVE_STRING_H 1
| #define HAVE_MEMORY_H 1
| #define HAVE_STRINGS_H 1
| #define HAVE_INTTYPES_H 1
| #define HAVE_STDINT_H 1
| #define HAVE_UNISTD_H 1
| #define __EXTENSIONS__ 1
| #define _ALL_SOURCE 1
| #define _GNU_SOURCE 1
| #define _POSIX_PTHREAD_SEMANTICS 1
| #define _TANDEM_SOURCE 1
| #define CXX_HAS_STD_ISNAN /**/
| #define HAVE_DLFCN_H 1
| #define LT_OBJDIR ".libs/"
| #define HAVE_PYTHON_H 1
| #define STDC_HEADERS 1
| #define TIME_WITH_SYS_TIME 1
| #define HAVE_SYS_TYPES_H 1
| #define HAVE_FCNTL_H 1
| /* end confdefs.h.  */
| 
| 	#if HAVE_WINDOWS_H
| 	#include <windows.h>
| 	#endif
| 
| 
| #include <winbase.h>
configure:16472: result: no
configure:16492: checking for getopt
configure:16492: gcc -o conftest -g -O2 -Wall   conftest.c  >&5
configure:16492: $? = 0
configure:16492: result: yes
configure:16492: checking for usleep
configure:16492: gcc -o conftest -g -O2 -Wall   conftest.c  >&5
configure:16492: $? = 0
configure:16492: result: yes
configure:16492: checking for gettimeofday
configure:16492: gcc -o conftest -g -O2 -Wall   conftest.c  >&5
configure:16492: $? = 0
configure:16492: result: yes
configure:16492: checking for nanosleep
configure:16492: gcc -o conftest -g -O2 -Wall   conftest.c  >&5
configure:16492: $? = 0
configure:16492: result: yes
configure:16492: checking for rand
configure:16492: gcc -o conftest -g -O2 -Wall   conftest.c  >&5
configure:16492: $? = 0
configure:16492: result: yes
configure:16492: checking for srand
configure:16492: gcc -o conftest -g -O2 -Wall   conftest.c  >&5
configure:16492: $? = 0
configure:16492: result: yes
configure:16492: checking for random
configure:16492: gcc -o conftest -g -O2 -Wall   conftest.c  >&5
configure:16492: $? = 0
configure:16492: result: yes
configure:16492: checking for srandom
configure:16492: gcc -o conftest -g -O2 -Wall   conftest.c  >&5
configure:16492: $? = 0
configure:16492: result: yes
configure:16492: checking for sleep
configure:16492: gcc -o conftest -g -O2 -Wall   conftest.c  >&5
configure:16492: $? = 0
configure:16492: result: yes
configure:16492: checking for sigaction
configure:16492: gcc -o conftest -g -O2 -Wall   conftest.c  >&5
configure:16492: $? = 0
configure:16492: result: yes
configure:16502: checking for struct timezone
configure:16502: gcc -c -g -O2 -Wall  conftest.c >&5
configure:16502: $? = 0
configure:16502: gcc -c -g -O2 -Wall  conftest.c >&5
conftest.c: In function 'main':
conftest.c:63: error: expected expression before ')' token
configure:16502: $? = 1
configure: failed program was:
| /* confdefs.h */
| #define PACKAGE_NAME "myblock"
| #define PACKAGE_TARNAME "myblock"
| #define PACKAGE_VERSION "3.2.2"
| #define PACKAGE_STRING "myblock 3.2.2"
| #define PACKAGE_BUGREPORT ""
| #define PACKAGE_URL ""
| #define PACKAGE "myblock"
| #define VERSION "3.2.2"
| #define STDC_HEADERS 1
| #define HAVE_SYS_TYPES_H 1
| #define HAVE_SYS_STAT_H 1
| #define HAVE_STDLIB_H 1
| #define HAVE_STRING_H 1
| #define HAVE_MEMORY_H 1
| #define HAVE_STRINGS_H 1
| #define HAVE_INTTYPES_H 1
| #define HAVE_STDINT_H 1
| #define HAVE_UNISTD_H 1
| #define __EXTENSIONS__ 1
| #define _ALL_SOURCE 1
| #define _GNU_SOURCE 1
| #define _POSIX_PTHREAD_SEMANTICS 1
| #define _TANDEM_SOURCE 1
| #define CXX_HAS_STD_ISNAN /**/
| #define HAVE_DLFCN_H 1
| #define LT_OBJDIR ".libs/"
| #define HAVE_PYTHON_H 1
| #define STDC_HEADERS 1
| #define TIME_WITH_SYS_TIME 1
| #define HAVE_SYS_TYPES_H 1
| #define HAVE_FCNTL_H 1
| #define HAVE_GETOPT 1
| #define HAVE_USLEEP 1
| #define HAVE_GETTIMEOFDAY 1
| #define HAVE_NANOSLEEP 1
| #define HAVE_RAND 1
| #define HAVE_SRAND 1
| #define HAVE_RANDOM 1
| #define HAVE_SRANDOM 1
| #define HAVE_SLEEP 1
| #define HAVE_SIGACTION 1
| /* end confdefs.h.  */
| 
|      #if HAVE_SYS_TYPES_H
|      # include <sys/types.h>
|      #endif
|      #if TIME_WITH_SYS_TIME
|      # include <sys/time.h>
|      # include <time.h>
|      #else
|      # if HAVE_SYS_TIME_H
|      #  include <sys/time.h>
|      # else
|      #  include <time.h>
|      # endif
|      #endif
| 
| 
| int
| main ()
| {
| if (sizeof ((struct timezone)))
| 	    return 0;
|   ;
|   return 0;
| }
configure:16502: result: yes
configure:16526: checking for struct timespec
configure:16526: gcc -c -g -O2 -Wall  conftest.c >&5
configure:16526: $? = 0
configure:16526: gcc -c -g -O2 -Wall  conftest.c >&5
conftest.c: In function 'main':
conftest.c:64: error: expected expression before ')' token
configure:16526: $? = 1
configure: failed program was:
| /* confdefs.h */
| #define PACKAGE_NAME "myblock"
| #define PACKAGE_TARNAME "myblock"
| #define PACKAGE_VERSION "3.2.2"
| #define PACKAGE_STRING "myblock 3.2.2"
| #define PACKAGE_BUGREPORT ""
| #define PACKAGE_URL ""
| #define PACKAGE "myblock"
| #define VERSION "3.2.2"
| #define STDC_HEADERS 1
| #define HAVE_SYS_TYPES_H 1
| #define HAVE_SYS_STAT_H 1
| #define HAVE_STDLIB_H 1
| #define HAVE_STRING_H 1
| #define HAVE_MEMORY_H 1
| #define HAVE_STRINGS_H 1
| #define HAVE_INTTYPES_H 1
| #define HAVE_STDINT_H 1
| #define HAVE_UNISTD_H 1
| #define __EXTENSIONS__ 1
| #define _ALL_SOURCE 1
| #define _GNU_SOURCE 1
| #define _POSIX_PTHREAD_SEMANTICS 1
| #define _TANDEM_SOURCE 1
| #define CXX_HAS_STD_ISNAN /**/
| #define HAVE_DLFCN_H 1
| #define LT_OBJDIR ".libs/"
| #define HAVE_PYTHON_H 1
| #define STDC_HEADERS 1
| #define TIME_WITH_SYS_TIME 1
| #define HAVE_SYS_TYPES_H 1
| #define HAVE_FCNTL_H 1
| #define HAVE_GETOPT 1
| #define HAVE_USLEEP 1
| #define HAVE_GETTIMEOFDAY 1
| #define HAVE_NANOSLEEP 1
| #define HAVE_RAND 1
| #define HAVE_SRAND 1
| #define HAVE_RANDOM 1
| #define HAVE_SRANDOM 1
| #define HAVE_SLEEP 1
| #define HAVE_SIGACTION 1
| #define HAVE_STRUCT_TIMEZONE 1
| /* end confdefs.h.  */
| 
|      #if HAVE_SYS_TYPES_H
|      # include <sys/types.h>
|      #endif
|      #if TIME_WITH_SYS_TIME
|      # include <sys/time.h>
|      # include <time.h>
|      #else
|      # if HAVE_SYS_TIME_H
|      #  include <sys/time.h>
|      # else
|      #  include <time.h>
|      # endif
|      #endif
| 
| 
| int
| main ()
| {
| if (sizeof ((struct timespec)))
| 	    return 0;
|   ;
|   return 0;
| }
configure:16526: result: yes
configure:16550: checking for ssize_t
configure:16550: gcc -c -g -O2 -Wall  conftest.c >&5
configure:16550: $? = 0
configure:16550: gcc -c -g -O2 -Wall  conftest.c >&5
conftest.c: In function 'main':
conftest.c:65: error: expected expression before ')' token
configure:16550: $? = 1
configure: failed program was:
| /* confdefs.h */
| #define PACKAGE_NAME "myblock"
| #define PACKAGE_TARNAME "myblock"
| #define PACKAGE_VERSION "3.2.2"
| #define PACKAGE_STRING "myblock 3.2.2"
| #define PACKAGE_BUGREPORT ""
| #define PACKAGE_URL ""
| #define PACKAGE "myblock"
| #define VERSION "3.2.2"
| #define STDC_HEADERS 1
| #define HAVE_SYS_TYPES_H 1
| #define HAVE_SYS_STAT_H 1
| #define HAVE_STDLIB_H 1
| #define HAVE_STRING_H 1
| #define HAVE_MEMORY_H 1
| #define HAVE_STRINGS_H 1
| #define HAVE_INTTYPES_H 1
| #define HAVE_STDINT_H 1
| #define HAVE_UNISTD_H 1
| #define __EXTENSIONS__ 1
| #define _ALL_SOURCE 1
| #define _GNU_SOURCE 1
| #define _POSIX_PTHREAD_SEMANTICS 1
| #define _TANDEM_SOURCE 1
| #define CXX_HAS_STD_ISNAN /**/
| #define HAVE_DLFCN_H 1
| #define LT_OBJDIR ".libs/"
| #define HAVE_PYTHON_H 1
| #define STDC_HEADERS 1
| #define TIME_WITH_SYS_TIME 1
| #define HAVE_SYS_TYPES_H 1
| #define HAVE_FCNTL_H 1
| #define HAVE_GETOPT 1
| #define HAVE_USLEEP 1
| #define HAVE_GETTIMEOFDAY 1
| #define HAVE_NANOSLEEP 1
| #define HAVE_RAND 1
| #define HAVE_SRAND 1
| #define HAVE_RANDOM 1
| #define HAVE_SRANDOM 1
| #define HAVE_SLEEP 1
| #define HAVE_SIGACTION 1
| #define HAVE_STRUCT_TIMEZONE 1
| #define HAVE_STRUCT_TIMESPEC 1
| /* end confdefs.h.  */
| 
|      #if HAVE_SYS_TYPES_H
|      # include <sys/types.h>
|      #endif
|      #if TIME_WITH_SYS_TIME
|      # include <sys/time.h>
|      # include <time.h>
|      #else
|      # if HAVE_SYS_TIME_H
|      #  include <sys/time.h>
|      # else
|      #  include <time.h>
|      # endif
|      #endif
| 
| 
| int
| main ()
| {
| if (sizeof ((ssize_t)))
| 	    return 0;
|   ;
|   return 0;
| }
configure:16550: result: yes
configure:16579: checking for getopt
configure:16579: result: yes
configure:16579: checking for usleep
configure:16579: result: yes
configure:16579: checking for gettimeofday
configure:16579: result: yes
configure:16599: checking for Sleep
configure:16614: gcc -o conftest -g -O2 -Wall   conftest.c  >&5
conftest.c:50:24: error: windows.h: No such file or directory
conftest.c:51:37: error: winbase.h: No such file or directory
conftest.c: In function 'main':
conftest.c:56: warning: implicit declaration of function 'Sleep'
configure:16614: $? = 1
configure: failed program was:
| /* confdefs.h */
| #define PACKAGE_NAME "myblock"
| #define PACKAGE_TARNAME "myblock"
| #define PACKAGE_VERSION "3.2.2"
| #define PACKAGE_STRING "myblock 3.2.2"
| #define PACKAGE_BUGREPORT ""
| #define PACKAGE_URL ""
| #define PACKAGE "myblock"
| #define VERSION "3.2.2"
| #define STDC_HEADERS 1
| #define HAVE_SYS_TYPES_H 1
| #define HAVE_SYS_STAT_H 1
| #define HAVE_STDLIB_H 1
| #define HAVE_STRING_H 1
| #define HAVE_MEMORY_H 1
| #define HAVE_STRINGS_H 1
| #define HAVE_INTTYPES_H 1
| #define HAVE_STDINT_H 1
| #define HAVE_UNISTD_H 1
| #define __EXTENSIONS__ 1
| #define _ALL_SOURCE 1
| #define _GNU_SOURCE 1
| #define _POSIX_PTHREAD_SEMANTICS 1
| #define _TANDEM_SOURCE 1
| #define CXX_HAS_STD_ISNAN /**/
| #define HAVE_DLFCN_H 1
| #define LT_OBJDIR ".libs/"
| #define HAVE_PYTHON_H 1
| #define STDC_HEADERS 1
| #define TIME_WITH_SYS_TIME 1
| #define HAVE_SYS_TYPES_H 1
| #define HAVE_FCNTL_H 1
| #define HAVE_GETOPT 1
| #define HAVE_USLEEP 1
| #define HAVE_GETTIMEOFDAY 1
| #define HAVE_NANOSLEEP 1
| #define HAVE_RAND 1
| #define HAVE_SRAND 1
| #define HAVE_RANDOM 1
| #define HAVE_SRANDOM 1
| #define HAVE_SLEEP 1
| #define HAVE_SIGACTION 1
| #define HAVE_STRUCT_TIMEZONE 1
| #define HAVE_STRUCT_TIMESPEC 1
| #define HAVE_SSIZE_T 1
| #define HAVE_GETOPT 1
| #define HAVE_USLEEP 1
| #define HAVE_GETTIMEOFDAY 1
| /* end confdefs.h.  */
|    #include <windows.h>
|                 #include <winbase.h>
| 
| int
| main ()
| {
|  Sleep(0);
|   ;
|   return 0;
| }
configure:16621: result: no
configure:16628: checking whether mkdir accepts only one arg
configure:16645: gcc -c -g -O2 -Wall  conftest.c >&5
conftest.c: In function 'main':
conftest.c:57: error: too few arguments to function 'mkdir'
configure:16645: $? = 1
configure: failed program was:
| /* confdefs.h */
| #define PACKAGE_NAME "myblock"
| #define PACKAGE_TARNAME "myblock"
| #define PACKAGE_VERSION "3.2.2"
| #define PACKAGE_STRING "myblock 3.2.2"
| #define PACKAGE_BUGREPORT ""
| #define PACKAGE_URL ""
| #define PACKAGE "myblock"
| #define VERSION "3.2.2"
| #define STDC_HEADERS 1
| #define HAVE_SYS_TYPES_H 1
| #define HAVE_SYS_STAT_H 1
| #define HAVE_STDLIB_H 1
| #define HAVE_STRING_H 1
| #define HAVE_MEMORY_H 1
| #define HAVE_STRINGS_H 1
| #define HAVE_INTTYPES_H 1
| #define HAVE_STDINT_H 1
| #define HAVE_UNISTD_H 1
| #define __EXTENSIONS__ 1
| #define _ALL_SOURCE 1
| #define _GNU_SOURCE 1
| #define _POSIX_PTHREAD_SEMANTICS 1
| #define _TANDEM_SOURCE 1
| #define CXX_HAS_STD_ISNAN /**/
| #define HAVE_DLFCN_H 1
| #define LT_OBJDIR ".libs/"
| #define HAVE_PYTHON_H 1
| #define STDC_HEADERS 1
| #define TIME_WITH_SYS_TIME 1
| #define HAVE_SYS_TYPES_H 1
| #define HAVE_FCNTL_H 1
| #define HAVE_GETOPT 1
| #define HAVE_USLEEP 1
| #define HAVE_GETTIMEOFDAY 1
| #define HAVE_NANOSLEEP 1
| #define HAVE_RAND 1
| #define HAVE_SRAND 1
| #define HAVE_RANDOM 1
| #define HAVE_SRANDOM 1
| #define HAVE_SLEEP 1
| #define HAVE_SIGACTION 1
| #define HAVE_STRUCT_TIMEZONE 1
| #define HAVE_STRUCT_TIMESPEC 1
| #define HAVE_SSIZE_T 1
| #define HAVE_GETOPT 1
| #define HAVE_USLEEP 1
| #define HAVE_GETTIMEOFDAY 1
| /* end confdefs.h.  */
| #include <sys/types.h>
|        #include <sys/stat.h>
|        #include <fcntl.h>
| int
| main ()
| {
| 
|        mkdir("")
| 
|   ;
|   return 0;
| }
configure:16652: result: no
configure:16665: checking for xmlto
configure:16695: result: no
configure:16758: checking for pkg-config
configure:16776: found /usr/bin/pkg-config
configure:16788: result: /usr/bin/pkg-config
configure:16813: checking pkg-config is at least version 0.18
configure:16816: result: yes
configure:16827: checking for GNURADIO_CORE
configure:16835: $PKG_CONFIG --exists --print-errors "gnuradio-core >= 3"
configure:16838: $? = 0
configure:16875: $PKG_CONFIG --exists --print-errors "gnuradio-core >= 3"
configure:16878: $? = 0
configure:16895: $PKG_CONFIG --exists --print-errors "gnuradio-core >= 3"
configure:16898: $? = 0
configure:16965: result: yes
configure:17117: creating ./config.status

## ---------------- ##
## Cache variables. ##
## ---------------- ##

ac_cv_build=i686-pc-linux-gnu
ac_cv_c_bigendian=no
ac_cv_c_compiler_gnu=yes
ac_cv_c_const=yes
ac_cv_c_inline=inline
ac_cv_cxx_compiler_gnu=yes
ac_cv_env_CCASFLAGS_set=
ac_cv_env_CCASFLAGS_value=
ac_cv_env_CCAS_set=
ac_cv_env_CCAS_value=
ac_cv_env_CCC_set=
ac_cv_env_CCC_value=
ac_cv_env_CC_set=
ac_cv_env_CC_value=
ac_cv_env_CFLAGS_set=
ac_cv_env_CFLAGS_value=
ac_cv_env_CPPFLAGS_set=
ac_cv_env_CPPFLAGS_value=
ac_cv_env_CPP_set=
ac_cv_env_CPP_value=
ac_cv_env_CXXCPP_set=
ac_cv_env_CXXCPP_value=
ac_cv_env_CXXFLAGS_set=
ac_cv_env_CXXFLAGS_value=
ac_cv_env_CXX_set=
ac_cv_env_CXX_value=
ac_cv_env_GNURADIO_CORE_CFLAGS_set=
ac_cv_env_GNURADIO_CORE_CFLAGS_value=
ac_cv_env_GNURADIO_CORE_INCLUDEDIR_set=
ac_cv_env_GNURADIO_CORE_INCLUDEDIR_value=
ac_cv_env_GNURADIO_CORE_LIBS_set=
ac_cv_env_GNURADIO_CORE_LIBS_value=
ac_cv_env_LDFLAGS_set=
ac_cv_env_LDFLAGS_value=
ac_cv_env_LIBS_set=
ac_cv_env_LIBS_value=
ac_cv_env_PKG_CONFIG_set=
ac_cv_env_PKG_CONFIG_value=
ac_cv_env_build_alias_set=
ac_cv_env_build_alias_value=
ac_cv_env_host_alias_set=
ac_cv_env_host_alias_value=
ac_cv_env_target_alias_set=
ac_cv_env_target_alias_value=
ac_cv_func_getopt=yes
ac_cv_func_gettimeofday=yes
ac_cv_func_nanosleep=yes
ac_cv_func_rand=yes
ac_cv_func_random=yes
ac_cv_func_sigaction=yes
ac_cv_func_sleep=yes
ac_cv_func_srand=yes
ac_cv_func_srandom=yes
ac_cv_func_usleep=yes
ac_cv_header_Python_h=yes
ac_cv_header_dlfcn_h=yes
ac_cv_header_fcntl_h=yes
ac_cv_header_inttypes_h=yes
ac_cv_header_io_h=no
ac_cv_header_memory_h=yes
ac_cv_header_minix_config_h=no
ac_cv_header_stdc=yes
ac_cv_header_stdint_h=yes
ac_cv_header_stdlib_h=yes
ac_cv_header_string_h=yes
ac_cv_header_strings_h=yes
ac_cv_header_sys_stat_h=yes
ac_cv_header_sys_types_h=yes
ac_cv_header_time=yes
ac_cv_header_unistd_h=yes
ac_cv_header_winbase_h=no
ac_cv_header_windows_h=no
ac_cv_header_winioctl_h=no
ac_cv_host=i686-pc-linux-gnu
ac_cv_objext=o
ac_cv_path_EGREP='/bin/grep -E'
ac_cv_path_FGREP='/bin/grep -F'
ac_cv_path_GREP=/bin/grep
ac_cv_path_PYTHON=/usr/bin/python
ac_cv_path_RM_PROG=/bin/rm
ac_cv_path_SED=/bin/sed
ac_cv_path_ac_pt_PKG_CONFIG=/usr/bin/pkg-config
ac_cv_path_install='/usr/bin/install -c'
ac_cv_path_mkdir=/bin/mkdir
ac_cv_prog_AWK=gawk
ac_cv_prog_CPP='gcc -E'
ac_cv_prog_CXXCPP='g++ -E'
ac_cv_prog_SWIG=/usr/bin/swig
ac_cv_prog_ac_ct_AR=ar
ac_cv_prog_ac_ct_CC=gcc
ac_cv_prog_ac_ct_CXX=g++
ac_cv_prog_ac_ct_OBJDUMP=objdump
ac_cv_prog_ac_ct_RANLIB=ranlib
ac_cv_prog_ac_ct_STRIP=strip
ac_cv_prog_cc_c89=
ac_cv_prog_cc_g=yes
ac_cv_prog_cxx_g=yes
ac_cv_prog_make_make_set=yes
ac_cv_safe_to_define___extensions__=yes
ac_cv_search_strerror='none required'
ac_cv_target=i686-pc-linux-gnu
ac_cv_type_size_t=yes
ac_cv_type_ssize_t=yes
ac_cv_type_struct_timespec=yes
ac_cv_type_struct_timezone=yes
am_cv_CCAS_dependencies_compiler_type=gcc3
am_cv_CC_dependencies_compiler_type=gcc3
am_cv_CXX_dependencies_compiler_type=gcc3
am_cv_python_platform=linux2
am_cv_python_pyexecdir='${exec_prefix}/lib/python2.6/dist-packages'
am_cv_python_pythondir='${prefix}/lib/python2.6/dist-packages'
am_cv_python_version=2.6
lt_cv_deplibs_check_method=pass_all
lt_cv_file_magic_cmd='$MAGIC_CMD'
lt_cv_file_magic_test_file=
lt_cv_ld_reload_flag=-r
lt_cv_nm_interface='BSD nm'
lt_cv_objdir=.libs
lt_cv_path_LD=/usr/bin/ld
lt_cv_path_LDCXX=/usr/bin/ld
lt_cv_path_NM='/usr/bin/nm -B'
lt_cv_prog_compiler_c_o=yes
lt_cv_prog_compiler_c_o_CXX=yes
lt_cv_prog_compiler_pic_works=yes
lt_cv_prog_compiler_pic_works_CXX=yes
lt_cv_prog_compiler_rtti_exceptions=no
lt_cv_prog_compiler_static_works=yes
lt_cv_prog_compiler_static_works_CXX=yes
lt_cv_prog_gnu_ld=yes
lt_cv_prog_gnu_ldcxx=yes
lt_cv_sys_global_symbol_pipe='sed -n -e '\''s/^.*[	 ]\([ABCDGIRSTW][ABCDGIRSTW]*\)[	 ][	 ]*\([_A-Za-z][_A-Za-z0-9]*\)$/\1 \2 \2/p'\'''
lt_cv_sys_global_symbol_to_c_name_address='sed -n -e '\''s/^: \([^ ]*\) $/  {\"\1\", (void *) 0},/p'\'' -e '\''s/^[ABCDGIRSTW]* \([^ ]*\) \([^ ]*\)$/  {"\2", (void *) \&\2},/p'\'''
lt_cv_sys_global_symbol_to_c_name_address_lib_prefix='sed -n -e '\''s/^: \([^ ]*\) $/  {\"\1\", (void *) 0},/p'\'' -e '\''s/^[ABCDGIRSTW]* \([^ ]*\) \(lib[^ ]*\)$/  {"\2", (void *) \&\2},/p'\'' -e '\''s/^[ABCDGIRSTW]* \([^ ]*\) \([^ ]*\)$/  {"lib\2", (void *) \&\2},/p'\'''
lt_cv_sys_global_symbol_to_cdecl='sed -n -e '\''s/^T .* \(.*\)$/extern int \1();/p'\'' -e '\''s/^[ABCDGIRSTW]* .* \(.*\)$/extern char \1;/p'\'''
lt_cv_sys_max_cmd_len=805306365
pkg_cv_GNURADIO_CORE_CFLAGS='-pthread -DOMNITHREAD_POSIX=1 -I/usr/include/gnuradio  '
pkg_cv_GNURADIO_CORE_CPPFLAGS=' -DOMNITHREAD_POSIX=1 -I/usr/include/gnuradio'
pkg_cv_GNURADIO_CORE_INCLUDEDIR=/usr/include/gnuradio
pkg_cv_GNURADIO_CORE_LIBS='-lgnuradio-core -lboost_thread-mt -lrt -lboost_date_time-mt -lgruel -lfftw3f -lgsl -lgslcblas -lm -lgromnithread  '

## ----------------- ##
## Output variables. ##
## ----------------- ##

ACLOCAL='${SHELL} /home/comlab/myblock/missing --run aclocal-1.11'
AMDEPBACKSLASH='\'
AMDEP_FALSE='#'
AMDEP_TRUE=''
AMTAR='${SHELL} /home/comlab/myblock/missing --run tar'
AR='ar'
AS='as'
AUTOCONF='${SHELL} /home/comlab/myblock/missing --run autoconf'
AUTOHEADER='${SHELL} /home/comlab/myblock/missing --run autoheader'
AUTOMAKE='${SHELL} /home/comlab/myblock/missing --run automake-1.11'
AWK='gawk'
CC='gcc'
CCAS='gcc'
CCASDEPMODE='depmode=gcc3'
CCASFLAGS='-g -O2 -Wall'
CCDEPMODE='depmode=gcc3'
CFLAGS='-g -O2 -Wall'
CPP='gcc -E'
CPPFLAGS=''
CXX='g++'
CXXCPP='g++ -E'
CXXDEPMODE='depmode=gcc3'
CXXFLAGS='-g -O2 -Wall -Woverloaded-virtual'
CYGPATH_W='echo'
DEFS='-DHAVE_CONFIG_H'
DEPDIR='.deps'
DLLTOOL='dlltool'
DSYMUTIL=''
DUMPBIN=''
ECHO_C=''
ECHO_N='-n'
ECHO_T=''
EGREP='/bin/grep -E'
EXEEXT=''
FGREP='/bin/grep -F'
GNURADIO_CORE_CFLAGS='-pthread -DOMNITHREAD_POSIX=1 -I/usr/include/gnuradio  '
GNURADIO_CORE_CPPFLAGS=' -DOMNITHREAD_POSIX=1 -I/usr/include/gnuradio'
GNURADIO_CORE_INCLUDEDIR='/usr/include/gnuradio'
GNURADIO_CORE_LIBS='-lgnuradio-core -lboost_thread-mt -lrt -lboost_date_time-mt -lgruel -lfftw3f -lgsl -lgslcblas -lm -lgromnithread  '
GREP='/bin/grep'
HAS_XMLTO_FALSE=''
HAS_XMLTO_TRUE='#'
INSTALL_DATA='${INSTALL} -m 644'
INSTALL_PROGRAM='${INSTALL}'
INSTALL_SCRIPT='${INSTALL}'
INSTALL_STRIP_PROGRAM='$(install_sh) -c -s'
LD='/usr/bin/ld'
LDFLAGS=''
LIBOBJS=''
LIBS=' -lgnuradio-core -lboost_thread-mt -lrt -lboost_date_time-mt -lgruel -lfftw3f -lgsl -lgslcblas -lm -lgromnithread  '
LIBTOOL='$(SHELL) $(top_builddir)/libtool'
LIPO=''
LN_S='ln -s'
LTLIBOBJS=''
MAKEINFO='${SHELL} /home/comlab/myblock/missing --run makeinfo'
MKDIR_P='/bin/mkdir -p'
NM='/usr/bin/nm -B'
NMEDIT=''
NO_UNDEFINED=''
OBJDUMP='objdump'
OBJEXT='o'
OTOOL64=''
OTOOL=''
PACKAGE='myblock'
PACKAGE_BUGREPORT=''
PACKAGE_NAME='myblock'
PACKAGE_STRING='myblock 3.2.2'
PACKAGE_TARNAME='myblock'
PACKAGE_URL=''
PACKAGE_VERSION='3.2.2'
PATH_SEPARATOR=':'
PKG_CONFIG='/usr/bin/pkg-config'
PYTHON='/usr/bin/python'
PYTHON_CPPFLAGS='-I/usr/include/python2.6'
PYTHON_EXEC_PREFIX='${exec_prefix}'
PYTHON_LDFLAGS=''
PYTHON_PLATFORM='linux2'
PYTHON_PREFIX='${prefix}'
PYTHON_VERSION='2.6'
RANLIB='ranlib'
RM_PROG='/bin/rm'
SED='/bin/sed'
SET_MAKE=''
SHELL='/bin/bash'
STRIP='strip'
SWIG='/usr/bin/swig -c++'
SWIG_PYTHON_CPPFLAGS='-I/usr/include/python2.6'
SWIG_PYTHON_LIB='-lswigpy'
SWIG_PYTHON_OPT='-python'
VERSION='3.2.2'
XMLTO=''
ac_ct_CC='gcc'
ac_ct_CXX='g++'
ac_ct_DUMPBIN=''
am__EXEEXT_FALSE=''
am__EXEEXT_TRUE='#'
am__fastdepCCAS_FALSE='#'
am__fastdepCCAS_TRUE=''
am__fastdepCC_FALSE='#'
am__fastdepCC_TRUE=''
am__fastdepCXX_FALSE='#'
am__fastdepCXX_TRUE=''
am__include='include'
am__isrc=''
am__leading_dot='.'
am__quote=''
am__tar='${AMTAR} chof - "$$tardir"'
am__untar='${AMTAR} xf -'
autoconf_default_CXXFLAGS='-g -O2'
bindir='${exec_prefix}/bin'
build='i686-pc-linux-gnu'
build_alias=''
build_cpu='i686'
build_os='linux-gnu'
build_vendor='pc'
datadir='${datarootdir}'
datarootdir='${prefix}/share'
docdir='${datarootdir}/doc/${PACKAGE_TARNAME}'
dvidir='${docdir}'
exec_prefix='${prefix}'
gr_libdir_suffix=''
host='i686-pc-linux-gnu'
host_alias=''
host_cpu='i686'
host_os='linux-gnu'
host_vendor='pc'
htmldir='${docdir}'
includedir='${prefix}/include'
infodir='${datarootdir}/info'
install_sh='${SHELL} /home/comlab/myblock/install-sh'
libdir='${exec_prefix}/lib'
libexecdir='${exec_prefix}/libexec'
localedir='${datarootdir}/locale'
localstatedir='${prefix}/var'
lt_ECHO='echo'
mandir='${datarootdir}/man'
mkdir_p='/bin/mkdir -p'
oldincludedir='/usr/include'
pdfdir='${docdir}'
pkgpyexecdir='${pyexecdir}/myblock'
pkgpythondir='${pythondir}/myblock'
prefix='/usr/local'
program_transform_name='s,x,x,'
psdir='${docdir}'
pyexecdir='${exec_prefix}/lib/python2.6/dist-packages'
pythondir='${prefix}/lib/python2.6/dist-packages'
sbindir='${exec_prefix}/sbin'
sharedstatedir='${prefix}/com'
swig_CXXFLAGS='-g -O1 -Wno-strict-aliasing -Wno-parentheses'
sysconfdir='${prefix}/etc'
target='i686-pc-linux-gnu'
target_alias=''
target_cpu='i686'
target_os='linux-gnu'
target_vendor='pc'

## ----------- ##
## confdefs.h. ##
## ----------- ##

/* confdefs.h */
#define PACKAGE_NAME "myblock"
#define PACKAGE_TARNAME "myblock"
#define PACKAGE_VERSION "3.2.2"
#define PACKAGE_STRING "myblock 3.2.2"
#define PACKAGE_BUGREPORT ""
#define PACKAGE_URL ""
#define PACKAGE "myblock"
#define VERSION "3.2.2"
#define STDC_HEADERS 1
#define HAVE_SYS_TYPES_H 1
#define HAVE_SYS_STAT_H 1
#define HAVE_STDLIB_H 1
#define HAVE_STRING_H 1
#define HAVE_MEMORY_H 1
#define HAVE_STRINGS_H 1
#define HAVE_INTTYPES_H 1
#define HAVE_STDINT_H 1
#define HAVE_UNISTD_H 1
#define __EXTENSIONS__ 1
#define _ALL_SOURCE 1
#define _GNU_SOURCE 1
#define _POSIX_PTHREAD_SEMANTICS 1
#define _TANDEM_SOURCE 1
#define CXX_HAS_STD_ISNAN /**/
#define HAVE_DLFCN_H 1
#define LT_OBJDIR ".libs/"
#define HAVE_PYTHON_H 1
#define STDC_HEADERS 1
#define TIME_WITH_SYS_TIME 1
#define HAVE_SYS_TYPES_H 1
#define HAVE_FCNTL_H 1
#define HAVE_GETOPT 1
#define HAVE_USLEEP 1
#define HAVE_GETTIMEOFDAY 1
#define HAVE_NANOSLEEP 1
#define HAVE_RAND 1
#define HAVE_SRAND 1
#define HAVE_RANDOM 1
#define HAVE_SRANDOM 1
#define HAVE_SLEEP 1
#define HAVE_SIGACTION 1
#define HAVE_STRUCT_TIMEZONE 1
#define HAVE_STRUCT_TIMESPEC 1
#define HAVE_SSIZE_T 1
#define HAVE_GETOPT 1
#define HAVE_USLEEP 1
#define HAVE_GETTIMEOFDAY 1

configure: exit 0

## ---------------------- ##
## Running config.status. ##
## ---------------------- ##

This file was extended by myblock config.status 3.2.2, which was
generated by GNU Autoconf 2.65.  Invocation command line was

  CONFIG_FILES    = 
  CONFIG_HEADERS  = 
  CONFIG_LINKS    = 
  CONFIG_COMMANDS = 
  $ ./config.status 

on ubuntu

config.status:1199: creating Makefile
config.status:1199: creating config/Makefile
config.status:1199: creating doc/Makefile
config.status:1199: creating src/Makefile
config.status:1199: creating src/lib/Makefile
config.status:1199: creating src/python/Makefile
config.status:1199: creating src/python/run_tests
config.status:1199: creating config.h
config.status:1371: config.h is unchanged
config.status:1419: executing depfiles commands
config.status:1419: executing libtool commands
config.status:1419: executing run_tests commands

## ---------------------- ##
## Running config.status. ##
## ---------------------- ##

This file was extended by myblock config.status 3.2.2, which was
generated by GNU Autoconf 2.65.  Invocation command line was

  CONFIG_FILES    = 
  CONFIG_HEADERS  = 
  CONFIG_LINKS    = 
  CONFIG_COMMANDS = 
  $ ./config.status config.h

on ubuntu

config.status:1199: creating config.h
config.status:1371: config.h is unchanged
